************* Module datamodel.grammar
C: 39, 8: Invalid variable name "ok" (invalid-name)
C: 48, 8: Invalid variable name "ok" (invalid-name)
W: 48,12: Unused variable 'base' (unused-variable)
************* Module datamodel.eg_one
W:  4, 0: Relative import 'exercise', should be 'datamodel.exercise' (relative-import)
W:  5, 0: Relative import 'unicode_tools', should be 'datamodel.unicode_tools' (relative-import)
W:  6, 0: Relative import 'eg_base', should be 'datamodel.eg_base' (relative-import)
C: 10, 0: Invalid class name "EG_One" (invalid-name)
W: 27,16: Used builtin function 'filter' (bad-builtin)
W: 31,36: Unused argument 'lang2' (unused-argument)
************* Module datamodel.model
W:141, 0: TODO: to treat correctly the separator (fixme)
W: 11, 0: Relative import 'unicode_tools', should be 'datamodel.unicode_tools' (relative-import)
W: 12, 0: Relative import 'eg_one', should be 'datamodel.eg_one' (relative-import)
W: 13, 0: Relative import 'eg_trans', should be 'datamodel.eg_trans' (relative-import)
W: 14, 0: Relative import 'eg_grammar', should be 'datamodel.eg_grammar' (relative-import)
W: 15, 0: Relative import 'forms', should be 'datamodel.forms' (relative-import)
R: 25, 0: Too few public methods (1/2) (too-few-public-methods)
R: 50, 0: Too few public methods (0/2) (too-few-public-methods)
C: 60, 0: Invalid argument name "a" (invalid-name)
C: 60, 0: Invalid argument name "b" (invalid-name)
R: 71, 0: Too many instance attributes (9/7) (too-many-instance-attributes)
R:107, 4: Method could be a function (no-self-use)
C:113, 4: Missing method docstring (missing-docstring)
C:114, 8: Invalid variable name "ok" (invalid-name)
C:115,12: Invalid variable name "f" (invalid-name)
C:117,12: Invalid variable name "ok" (invalid-name)
C:128, 4: Missing method docstring (missing-docstring)
R:128, 4: Method could be a function (no-self-use)
C:135, 4: Missing method docstring (missing-docstring)
C:152, 4: Missing method docstring (missing-docstring)
C:157, 4: Missing method docstring (missing-docstring)
C:173,16: Invalid variable name "p1" (invalid-name)
C:174,16: Invalid variable name "p2" (invalid-name)
C:182, 4: Missing method docstring (missing-docstring)
R:182, 4: Method could be a function (no-self-use)
C:188, 4: Missing method docstring (missing-docstring)
C:198, 4: Missing method docstring (missing-docstring)
C:211,20: Invalid variable name "g" (invalid-name)
C:216,16: Invalid variable name "g" (invalid-name)
C:223,20: Invalid variable name "e" (invalid-name)
C:227, 4: Missing method docstring (missing-docstring)
C:248, 4: Invalid method name "onContextChanged" (invalid-name)
C:248, 4: Missing method docstring (missing-docstring)
C:252, 4: Missing method docstring (missing-docstring)
C:255,12: Invalid variable name "p1" (invalid-name)
C:256,12: Invalid variable name "p2" (invalid-name)
C:263,12: Invalid variable name "g" (invalid-name)
C:264,16: Invalid variable name "m" (invalid-name)
C:271, 4: Missing method docstring (missing-docstring)
W:136, 8: Attribute 'filename' defined outside __init__ (attribute-defined-outside-init)
************* Module datamodel.eg_trans
C:  1, 0: Missing module docstring (missing-docstring)
W:  2, 0: Relative import 'exercise', should be 'datamodel.exercise' (relative-import)
W:  3, 0: Relative import 'unicode_tools', should be 'datamodel.unicode_tools' (relative-import)
W:  4, 0: Relative import 'eg_one', should be 'datamodel.eg_one' (relative-import)
W:  5, 0: Relative import 'eg_base', should be 'datamodel.eg_base' (relative-import)
C:  8, 0: Invalid class name "EG_Trans" (invalid-name)
C:  8, 0: Missing class docstring (missing-docstring)
C: 14, 4: Missing method docstring (missing-docstring)
C: 17, 4: Missing method docstring (missing-docstring)
C: 49, 4: Missing method docstring (missing-docstring)
W: 49,21: Unused argument 'mark' (unused-argument)
R: 49, 4: Method could be a function (no-self-use)
************* Module datamodel.unicode_tools
C:  1, 0: Missing module docstring (missing-docstring)
C: 31, 0: Missing function docstring (missing-docstring)
C: 33, 8: Missing class docstring (missing-docstring)
C: 40,12: Missing method docstring (missing-docstring)
R: 33, 8: Too few public methods (1/2) (too-few-public-methods)
C: 50, 0: Missing function docstring (missing-docstring)
C: 54, 0: Missing function docstring (missing-docstring)
C: 55,11: Invalid variable name "v" (invalid-name)
C: 60, 0: Invalid argument name "s1" (invalid-name)
C: 60, 0: Invalid argument name "s2" (invalid-name)
C: 60, 0: Missing function docstring (missing-docstring)
C: 61, 4: Invalid variable name "r" (invalid-name)
C: 63, 8: Invalid variable name "p" (invalid-name)
C: 65,12: Invalid variable name "r" (invalid-name)
C: 69, 8: Invalid variable name "p" (invalid-name)
C: 71,12: Invalid variable name "r" (invalid-name)
C: 77, 0: Missing function docstring (missing-docstring)
C: 87, 0: Missing function docstring (missing-docstring)
C: 96, 0: Missing function docstring (missing-docstring)
C: 97,11: Invalid variable name "v" (invalid-name)
************* Module datamodel.statistics
W: 14, 0: Anomalous backslash in string: '\W'. String constant might be missing an r prefix. (anomalous-backslash-in-string)
R:  9, 0: Too many instance attributes (10/7) (too-many-instance-attributes)
C: 18,12: Invalid variable name "c" (invalid-name)
C: 38, 8: Invalid variable name "s" (invalid-name)
C: 40,12: Invalid variable name "s" (invalid-name)
C: 42, 8: Invalid variable name "s" (invalid-name)
C: 43, 8: Invalid variable name "s" (invalid-name)
C: 44, 8: Invalid variable name "s" (invalid-name)
C: 45,12: Invalid variable name "c" (invalid-name)
C: 46,12: Invalid variable name "s" (invalid-name)
C: 47, 8: Invalid variable name "s" (invalid-name)
C: 48, 8: Invalid variable name "s" (invalid-name)
C: 49, 8: Invalid variable name "s" (invalid-name)
C: 50, 8: Invalid variable name "s" (invalid-name)
C: 61,12: Invalid variable name "c" (invalid-name)
C: 62,16: Invalid variable name "e" (invalid-name)
C: 73,12: Invalid variable name "ww" (invalid-name)
C: 75,16: Invalid variable name "w" (invalid-name)
W: 61,12: Unused variable 'c' (unused-variable)
C: 85, 8: Invalid variable name "p" (invalid-name)
C: 88, 8: Invalid variable name "ww" (invalid-name)
C: 90,12: Invalid variable name "w" (invalid-name)
C: 91,12: Invalid variable name "w" (invalid-name)
C: 93,16: Invalid variable name "wf" (invalid-name)
C: 95,16: Invalid variable name "wf" (invalid-name)
C: 99,16: Invalid variable name "w" (invalid-name)
************* Module datamodel.eg_grammar
W: 25, 0: TODO: treat not only the last word in question (fixme)
C:  1, 0: Missing module docstring (missing-docstring)
W:  2, 0: Relative import 'eg_trans', should be 'datamodel.eg_trans' (relative-import)
W:  3, 0: Relative import 'grammar', should be 'datamodel.grammar' (relative-import)
C:  6, 0: Invalid class name "EG_Grammar" (invalid-name)
C:  6, 0: Missing class docstring (missing-docstring)
C: 22,12: Invalid variable name "w" (invalid-name)
C: 23,12: Invalid variable name "ww" (invalid-name)
C: 25,16: Invalid variable name "w" (invalid-name)
C: 32,16: Invalid variable name "r" (invalid-name)
C: 44, 4: Missing method docstring (missing-docstring)
C: 46,12: Invalid variable name "r" (invalid-name)
C: 49,12: Invalid variable name "ff" (invalid-name)
************* Module datamodel.forms
C:  1, 0: Missing module docstring (missing-docstring)
C:  8, 8: Invalid attribute name "isComplete" (invalid-name)
C:  5, 0: Missing class docstring (missing-docstring)
C:  5, 0: Old-style class defined. (old-style-class)
C:  7, 4: Invalid argument name "isComplete" (invalid-name)
C: 12, 4: Missing method docstring (missing-docstring)
W: 15, 8: No exception type(s) specified (bare-except)
C: 18, 4: Missing method docstring (missing-docstring)
C: 23,12: Invalid variable name "f" (invalid-name)
C: 29, 4: Missing method docstring (missing-docstring)
W: 41, 8: No exception type(s) specified (bare-except)
C: 33,16: Invalid variable name "q" (invalid-name)
C: 35,20: Invalid variable name "rq" (invalid-name)
C: 36,24: Invalid variable name "q1" (invalid-name)
C: 44, 4: Missing method docstring (missing-docstring)
C: 47, 4: Missing method docstring (missing-docstring)
************* Module datamodel.eg_base
C:  1, 0: Missing module docstring (missing-docstring)
C:  2, 0: Invalid class name "EG_Base" (invalid-name)
C:  2, 0: Missing class docstring (missing-docstring)
C:  7, 4: Missing method docstring (missing-docstring)
C: 10, 4: Missing method docstring (missing-docstring)
C: 12, 8: Invalid variable name "p1" (invalid-name)
C: 13, 8: Invalid variable name "p2" (invalid-name)
************* Module datamodel.exercise
C:  1, 0: Missing module docstring (missing-docstring)
C:  2, 0: Missing class docstring (missing-docstring)
R:  4, 4: Too many arguments (8/5) (too-many-arguments)
C: 14, 8: Invalid variable name "r" (invalid-name)
C: 17,12: Invalid variable name "r" (invalid-name)
C: 19,12: Invalid variable name "r" (invalid-name)
C: 26, 4: Missing method docstring (missing-docstring)
R:  2, 0: Too few public methods (1/2) (too-few-public-methods)


Report
======
529 statements analysed.

Duplication
-----------

+-------------------------+------+---------+-----------+
|                         |now   |previous |difference |
+=========================+======+=========+===========+
|nb duplicated lines      |0     |0        |=          |
+-------------------------+------+---------+-----------+
|percent duplicated lines |0.000 |0.000    |=          |
+-------------------------+------+---------+-----------+



Raw metrics
-----------

+----------+-------+------+---------+-----------+
|type      |number |%     |previous |difference |
+==========+=======+======+=========+===========+
|code      |566    |82.99 |566      |=          |
+----------+-------+------+---------+-----------+
|docstring |59     |8.65  |52       |+7.00      |
+----------+-------+------+---------+-----------+
|comment   |7      |1.03  |7        |=          |
+----------+-------+------+---------+-----------+
|empty     |50     |7.33  |50       |=          |
+----------+-------+------+---------+-----------+



External dependencies
---------------------
::

    datamodel 
      \-eg_base (datamodel.eg_trans,datamodel.eg_one)
      \-eg_grammar (datamodel.model)
      \-eg_one (datamodel.model,datamodel.eg_trans)
      \-eg_trans (datamodel.model,datamodel.eg_grammar)
      \-forms (datamodel.model)
      \-grammar (datamodel.eg_grammar)
      \-unicode_tools (datamodel.model,datamodel.eg_one,datamodel.eg_trans)



Messages by category
--------------------

+-----------+-------+---------+-----------+
|type       |number |previous |difference |
+===========+=======+=========+===========+
|convention |115    |120      |-5.00      |
+-----------+-------+---------+-----------+
|refactor   |11     |11       |=          |
+-----------+-------+---------+-----------+
|warning    |25     |25       |=          |
+-----------+-------+---------+-----------+
|error      |0      |0        |=          |
+-----------+-------+---------+-----------+



% errors / warnings by module
-----------------------------

+---------------------+------+--------+---------+-----------+
|module               |error |warning |refactor |convention |
+=====================+======+========+=========+===========+
|datamodel.model      |0.00  |28.00   |54.55    |23.48      |
+---------------------+------+--------+---------+-----------+
|datamodel.eg_trans   |0.00  |20.00   |9.09     |5.22       |
+---------------------+------+--------+---------+-----------+
|datamodel.eg_one     |0.00  |20.00   |0.00     |0.87       |
+---------------------+------+--------+---------+-----------+
|datamodel.eg_grammar |0.00  |12.00   |0.00     |8.70       |
+---------------------+------+--------+---------+-----------+
|datamodel.statistics |0.00  |8.00    |9.09     |20.00      |
+---------------------+------+--------+---------+-----------+
|datamodel.forms      |0.00  |8.00    |0.00     |12.17      |
+---------------------+------+--------+---------+-----------+
|datamodel.grammar    |0.00  |4.00    |0.00     |1.74       |
+---------------------+------+--------+---------+-----------+



Messages
--------

+-------------------------------+------------+
|message id                     |occurrences |
+===============================+============+
|invalid-name                   |70          |
+-------------------------------+------------+
|missing-docstring              |44          |
+-------------------------------+------------+
|relative-import                |14          |
+-------------------------------+------------+
|too-few-public-methods         |4           |
+-------------------------------+------------+
|no-self-use                    |4           |
+-------------------------------+------------+
|unused-variable                |2           |
+-------------------------------+------------+
|unused-argument                |2           |
+-------------------------------+------------+
|too-many-instance-attributes   |2           |
+-------------------------------+------------+
|fixme                          |2           |
+-------------------------------+------------+
|bare-except                    |2           |
+-------------------------------+------------+
|too-many-arguments             |1           |
+-------------------------------+------------+
|old-style-class                |1           |
+-------------------------------+------------+
|bad-builtin                    |1           |
+-------------------------------+------------+
|attribute-defined-outside-init |1           |
+-------------------------------+------------+
|anomalous-backslash-in-string  |1           |
+-------------------------------+------------+



Global evaluation
-----------------
Your code has been rated at 7.15/10 (previous run: 7.05/10, +0.09)

Statistics by type
------------------

+---------+-------+-----------+-----------+------------+---------+
|type     |number |old number |difference |%documented |%badname |
+=========+=======+===========+===========+============+=========+
|module   |11     |11         |=          |45.45       |0.00     |
+---------+-------+-----------+-----------+------------+---------+
|class    |12     |12         |=          |50.00       |33.33    |
+---------+-------+-----------+-----------+------------+---------+
|method   |60     |60         |=          |58.33       |1.67     |
+---------+-------+-----------+-----------+------------+---------+
|function |8      |8          |=          |12.50       |0.00     |
+---------+-------+-----------+-----------+------------+---------+



